<?xml version="1.0" encoding="UTF-8"?>
<!-- Generated by org.testng.reporters.JUnitXMLReporter -->
<testsuite ignored="1" hostname="WFH_Kamlesh" failures="2" tests="5" name="PMRegression" time="167.985" errors="0" timestamp="2020-05-15T18:24:24 IST">
  <testcase classname="com.pm.qa.testcases.LoginPageTest" name="verifyCorrectLogin" time="2.757"/>
  <testcase classname="com.pm.qa.testcases.LoginPageTest" name="verifyInCorrectLogin" time="0.753"/>
  <testcase classname="com.pm.qa.testcases.NewProgramPageTest" name="verifyCreateNewProgram" time="48.617"/>
  <testcase classname="com.pm.qa.testcases.HomePageTest" name="verifyDeleteProgram" time="30.416">
    <failure type="org.openqa.selenium.TimeoutException" message="Expected condition failed: waiting for element to be clickable: [[ChromeDriver: chrome on WINDOWS (176bb41c8613b152dc396059e21be01e)] -&amp;gt; xpath: //span[contains(@class,&amp;apos;glyphicon glyphicon-remove&amp;apos;)]] (tried for 15 second(s) with 500 milliseconds interval)
Build info: version: &amp;apos;3.141.59&amp;apos;, revision: &amp;apos;e82be7d358&amp;apos;, time: &amp;apos;2018-11-14T08:17:03&amp;apos;
System info: host: &amp;apos;WFH_KAMLESH&amp;apos;, ip: &amp;apos;192.168.3.6&amp;apos;, os.name: &amp;apos;Windows 10&amp;apos;, os.arch: &amp;apos;amd64&amp;apos;, os.version: &amp;apos;10.0&amp;apos;, java.version: &amp;apos;14&amp;apos;
Driver info: org.openqa.selenium.support.events.EventFiringWebDriver
Capabilities {acceptInsecureCerts: false, browserName: chrome, browserVersion: 81.0.4044.138, chrome: {chromedriverVersion: 81.0.4044.138 (8c6c7ba89cc9..., userDataDir: C:\Users\User\AppData\Local...}, goog:chromeOptions: {debuggerAddress: localhost:56521}, javascriptEnabled: true, networkConnectionEnabled: false, pageLoadStrategy: normal, platform: WINDOWS, platformName: WINDOWS, proxy: Proxy(), setWindowRect: true, strictFileInteractability: false, timeouts: {implicit: 0, pageLoad: 300000, script: 30000}, unhandledPromptBehavior: dismiss and notify, webauthn:virtualAuthenticators: true}
Session ID: 176bb41c8613b152dc396059e21be01e">
      <![CDATA[org.openqa.selenium.TimeoutException: Expected condition failed: waiting for element to be clickable: [[ChromeDriver: chrome on WINDOWS (176bb41c8613b152dc396059e21be01e)] -> xpath: //span[contains(@class,'glyphicon glyphicon-remove')]] (tried for 15 second(s) with 500 milliseconds interval)
Build info: version: '3.141.59', revision: 'e82be7d358', time: '2018-11-14T08:17:03'
System info: host: 'WFH_KAMLESH', ip: '192.168.3.6', os.name: 'Windows 10', os.arch: 'amd64', os.version: '10.0', java.version: '14'
Driver info: org.openqa.selenium.support.events.EventFiringWebDriver
Capabilities {acceptInsecureCerts: false, browserName: chrome, browserVersion: 81.0.4044.138, chrome: {chromedriverVersion: 81.0.4044.138 (8c6c7ba89cc9..., userDataDir: C:\Users\User\AppData\Local...}, goog:chromeOptions: {debuggerAddress: localhost:56521}, javascriptEnabled: true, networkConnectionEnabled: false, pageLoadStrategy: normal, platform: WINDOWS, platformName: WINDOWS, proxy: Proxy(), setWindowRect: true, strictFileInteractability: false, timeouts: {implicit: 0, pageLoad: 300000, script: 30000}, unhandledPromptBehavior: dismiss and notify, webauthn:virtualAuthenticators: true}
Session ID: 176bb41c8613b152dc396059e21be01e
at org.openqa.selenium.support.ui.WebDriverWait.timeoutException(WebDriverWait.java:95)
at org.openqa.selenium.support.ui.FluentWait.until(FluentWait.java:272)
at com.pm.qa.pages.HomePage.clickOn(HomePage.java:137)
at com.pm.qa.pages.HomePage.deleteProgram(HomePage.java:114)
at com.pm.qa.testcases.HomePageTest.verifyDeleteProgram(HomePageTest.java:74)
at java.base/java.util.ArrayList.forEach(ArrayList.java:1510)
... Removed 27 stack frames]]>
    </failure>
  </testcase> <!-- verifyDeleteProgram -->
  <testcase classname="com.pm.qa.testcases.HomePageTest" name="verifySearchByProgramName" time="2.213">
    <failure type="java.lang.AssertionError" message="expected [AccessManagerChanges] but found [AutoTest_9ecf]">
      <![CDATA[java.lang.AssertionError: expected [AccessManagerChanges] but found [AutoTest_9ecf]
at com.pm.qa.testcases.HomePageTest.verifySearchByProgramName(HomePageTest.java:41)
at java.base/java.util.ArrayList.forEach(ArrayList.java:1510)
... Removed 32 stack frames]]>
    </failure>
  </testcase> <!-- verifySearchByProgramName -->
  <testcase classname="com.pm.qa.testcases.HomePageTest" name="verifyEditProgram" time="0.0">
    <ignored/>
  </testcase> <!-- verifyEditProgram -->
</testsuite> <!-- PMRegression -->
