<?xml version="1.0" encoding="UTF-8"?>
<testng-results ignored="1" total="4" passed="2" failed="1" skipped="0">
  <reporter-output>
  </reporter-output>
  <suite started-at="2020-05-18T10:31:20 IST" name="Default suite" finished-at="2020-05-18T10:33:38 IST" duration-ms="138381">
    <groups>
    </groups>
    <test started-at="2020-05-18T10:31:20 IST" name="Default test" finished-at="2020-05-18T10:33:38 IST" duration-ms="138381">
      <class name="com.pm.qa.testcases.HomePageTest">
        <test-method is-config="true" signature="setUp()[pri:0, instance:com.pm.qa.testcases.HomePageTest@2b6faea6]" started-at="2020-05-18T10:31:20 IST" name="setUp" finished-at="2020-05-18T10:31:35 IST" duration-ms="14963" status="PASS">
          <reporter-output>
          </reporter-output>
        </test-method> <!-- setUp -->
        <test-method signature="verifySearchByProgramName()[pri:1, instance:com.pm.qa.testcases.HomePageTest@2b6faea6]" started-at="2020-05-18T10:31:35 IST" name="verifySearchByProgramName" finished-at="2020-05-18T10:31:46 IST" duration-ms="11086" status="FAIL">
          <exception class="java.lang.AssertionError">
            <message>
              <![CDATA[expected [null] but found [IAMChanges]]]>
            </message>
            <full-stacktrace>
              <![CDATA[java.lang.AssertionError: expected [null] but found [IAMChanges]
at org.testng.Assert.fail(Assert.java:97)
at org.testng.Assert.failNotEquals(Assert.java:969)
at org.testng.Assert.assertEqualsImpl(Assert.java:131)
at org.testng.Assert.assertEquals(Assert.java:118)
at org.testng.Assert.assertEquals(Assert.java:575)
at org.testng.Assert.assertEquals(Assert.java:585)
at com.pm.qa.testcases.HomePageTest.verifySearchByProgramName(HomePageTest.java:47)
at java.base/jdk.internal.reflect.NativeMethodAccessorImpl.invoke0(Native Method)
at java.base/jdk.internal.reflect.NativeMethodAccessorImpl.invoke(NativeMethodAccessorImpl.java:62)
at java.base/jdk.internal.reflect.DelegatingMethodAccessorImpl.invoke(DelegatingMethodAccessorImpl.java:43)
at java.base/java.lang.reflect.Method.invoke(Method.java:564)
at org.testng.internal.MethodInvocationHelper.invokeMethod(MethodInvocationHelper.java:134)
at org.testng.internal.TestInvoker.invokeMethod(TestInvoker.java:597)
at org.testng.internal.TestInvoker.invokeTestMethod(TestInvoker.java:173)
at org.testng.internal.MethodRunner.runInSequence(MethodRunner.java:46)
at org.testng.internal.TestInvoker$MethodInvocationAgent.invoke(TestInvoker.java:816)
at org.testng.internal.TestInvoker.invokeTestMethods(TestInvoker.java:146)
at org.testng.internal.TestMethodWorker.invokeTestMethods(TestMethodWorker.java:146)
at org.testng.internal.TestMethodWorker.run(TestMethodWorker.java:128)
at java.base/java.util.ArrayList.forEach(ArrayList.java:1510)
at org.testng.TestRunner.privateRun(TestRunner.java:766)
at org.testng.TestRunner.run(TestRunner.java:587)
at org.testng.SuiteRunner.runTest(SuiteRunner.java:384)
at org.testng.SuiteRunner.runSequentially(SuiteRunner.java:378)
at org.testng.SuiteRunner.privateRun(SuiteRunner.java:337)
at org.testng.SuiteRunner.run(SuiteRunner.java:286)
at org.testng.SuiteRunnerWorker.runSuite(SuiteRunnerWorker.java:53)
at org.testng.SuiteRunnerWorker.run(SuiteRunnerWorker.java:96)
at org.testng.TestNG.runSuitesSequentially(TestNG.java:1187)
at org.testng.TestNG.runSuitesLocally(TestNG.java:1109)
at org.testng.TestNG.runSuites(TestNG.java:1039)
at org.testng.TestNG.run(TestNG.java:1007)
at org.testng.remote.AbstractRemoteTestNG.run(AbstractRemoteTestNG.java:115)
at org.testng.remote.RemoteTestNG.initAndRun(RemoteTestNG.java:251)
at org.testng.remote.RemoteTestNG.main(RemoteTestNG.java:77)
]]>
            </full-stacktrace>
          </exception> <!-- java.lang.AssertionError -->
          <reporter-output>
          </reporter-output>
        </test-method> <!-- verifySearchByProgramName -->
        <test-method is-config="true" signature="tearDown()[pri:0, instance:com.pm.qa.testcases.HomePageTest@2b6faea6]" started-at="2020-05-18T10:31:46 IST" name="tearDown" finished-at="2020-05-18T10:31:46 IST" duration-ms="578" status="PASS">
          <reporter-output>
          </reporter-output>
        </test-method> <!-- tearDown -->
        <test-method is-config="true" signature="setUp()[pri:0, instance:com.pm.qa.testcases.HomePageTest@2b6faea6]" started-at="2020-05-18T10:31:46 IST" name="setUp" finished-at="2020-05-18T10:32:01 IST" duration-ms="14696" status="PASS">
          <reporter-output>
          </reporter-output>
        </test-method> <!-- setUp -->
        <test-method signature="verifyEditProgram()[pri:2, instance:com.pm.qa.testcases.HomePageTest@2b6faea6]" started-at="2020-05-18T10:32:01 IST" name="verifyEditProgram" finished-at="2020-05-18T10:32:51 IST" duration-ms="50491" status="PASS">
          <reporter-output>
          </reporter-output>
        </test-method> <!-- verifyEditProgram -->
        <test-method is-config="true" signature="tearDown()[pri:0, instance:com.pm.qa.testcases.HomePageTest@2b6faea6]" started-at="2020-05-18T10:32:51 IST" name="tearDown" finished-at="2020-05-18T10:32:52 IST" duration-ms="592" status="PASS">
          <reporter-output>
          </reporter-output>
        </test-method> <!-- tearDown -->
        <test-method is-config="true" signature="setUp()[pri:0, instance:com.pm.qa.testcases.HomePageTest@2b6faea6]" started-at="2020-05-18T10:32:52 IST" name="setUp" finished-at="2020-05-18T10:33:07 IST" duration-ms="14518" status="PASS">
          <reporter-output>
          </reporter-output>
        </test-method> <!-- setUp -->
        <test-method signature="verifyActiveProgram()[pri:3, instance:com.pm.qa.testcases.HomePageTest@2b6faea6]" started-at="2020-05-18T10:33:07 IST" name="verifyActiveProgram" finished-at="2020-05-18T10:33:37 IST" duration-ms="30851" status="PASS">
          <reporter-output>
          </reporter-output>
        </test-method> <!-- verifyActiveProgram -->
        <test-method is-config="true" signature="tearDown()[pri:0, instance:com.pm.qa.testcases.HomePageTest@2b6faea6]" started-at="2020-05-18T10:33:37 IST" name="tearDown" finished-at="2020-05-18T10:33:38 IST" duration-ms="581" status="PASS">
          <reporter-output>
          </reporter-output>
        </test-method> <!-- tearDown -->
      </class> <!-- com.pm.qa.testcases.HomePageTest -->
    </test> <!-- Default test -->
  </suite> <!-- Default suite -->
</testng-results>
